<?xml version="1.0" encoding="UTF-8"?>
<!-- Generated by org.testng.reporters.JUnitReportReporter -->
<testsuite hostname="QT-INBG-LT1907" failures="0" tests="1" name="Scripts.TestCase2" time="46.054" errors="0" timestamp="2023-09-06T22:58:46 SGT" skipped="0">
  <testcase classname="Scripts.TestCase2" name="tc2" time="46.054"/>
</testsuite> <!-- Scripts.TestCase2 -->
