<?xml version="1.0" encoding="UTF-8"?>
<!-- Generated by org.testng.reporters.JUnitReportReporter -->
<testsuite hostname="QT-INBG-LT1907" failures="0" tests="1" name="Scripts.TestCase1" time="19.780" errors="0" timestamp="2023-09-06T22:47:40 SGT" skipped="0">
  <testcase classname="Scripts.TestCase1" name="tc1" time="19.780"/>
</testsuite> <!-- Scripts.TestCase1 -->
